<?xml version="1.0" encoding="UTF-8"?>
<testsuite xmlns:xsi="http://www.w3.org/2001/XMLSchema-instance" xsi:noNamespaceSchemaLocation="https://maven.apache.org/surefire/maven-surefire-plugin/xsd/surefire-test-report.xsd" name="com.bol.mancalagame.controller.GameControllerIntegrationTests" time="8.521" tests="3" errors="0" skipped="0" failures="0">
  <properties>
[...]
</properties>
  <testcase name="TestGetGameById" classname="com.bol.mancalagame.controller.GameControllerIntegrationTests" time="0.982"/>
  <testcase name="testGameCreation" classname="com.bol.mancalagame.controller.GameControllerIntegrationTests" time="0.081"/>
  <testcase name="TestSow" classname="com.bol.mancalagame.controller.GameControllerIntegrationTests" time="0.139"/>
</testsuite>